This file contains any messages produced by compilers while
running configure, to aid debugging if configure makes a mistake.

It was created by gvars3 configure 0.6, which was
generated by GNU Autoconf 2.68.  Invocation command line was

  $ ./configure --disable-widgets

## --------- ##
## Platform. ##
## --------- ##

hostname = ubuntu
uname -m = x86_64
uname -r = 3.11.0-26-generic
uname -s = Linux
uname -v = #45-Ubuntu SMP Tue Jul 15 04:02:06 UTC 2014

/usr/bin/uname -p = unknown
/bin/uname -X     = unknown

/bin/arch              = unknown
/usr/bin/arch -k       = unknown
/usr/convex/getsysinfo = unknown
/usr/bin/hostinfo      = unknown
/bin/machine           = unknown
/usr/bin/oslevel       = unknown
/bin/universe          = unknown

PATH: /opt/ros/indigo/bin
PATH: /home/dave/x-tools/arm-bare_newlib_cortex_m3_nommu-eabi/bin
PATH: /home/dave/x-tools/arm-bare_newlib_cortex_m3_nommu-eabi/bin
PATH: /usr/lib/lightdm/lightdm
PATH: /usr/local/sbin
PATH: /usr/local/bin
PATH: /usr/sbin
PATH: /usr/bin
PATH: /sbin
PATH: /bin
PATH: /usr/games
PATH: /usr/local/games
PATH: /usr/share/pk2
PATH: /usr/share/pk2


## ----------- ##
## Core tests. ##
## ----------- ##

configure:2061: checking for gawk
configure:2077: found /usr/bin/gawk
configure:2088: result: gawk
configure:2164: checking for g++
configure:2180: found /usr/bin/g++
configure:2191: result: g++
configure:2218: checking for C++ compiler version
configure:2227: g++ --version >&5
g++ (Ubuntu/Linaro 4.8.1-10ubuntu9) 4.8.1
Copyright (C) 2013 Free Software Foundation, Inc.
This is free software; see the source for copying conditions.  There is NO
warranty; not even for MERCHANTABILITY or FITNESS FOR A PARTICULAR PURPOSE.

configure:2238: $? = 0
configure:2227: g++ -v >&5
Using built-in specs.
COLLECT_GCC=g++
COLLECT_LTO_WRAPPER=/usr/lib/gcc/x86_64-linux-gnu/4.8/lto-wrapper
Target: x86_64-linux-gnu
Configured with: ../src/configure -v --with-pkgversion='Ubuntu/Linaro 4.8.1-10ubuntu9' --with-bugurl=file:///usr/share/doc/gcc-4.8/README.Bugs --enable-languages=c,c++,java,go,d,fortran,objc,obj-c++ --prefix=/usr --program-suffix=-4.8 --enable-shared --enable-linker-build-id --libexecdir=/usr/lib --without-included-gettext --enable-threads=posix --with-gxx-include-dir=/usr/include/c++/4.8 --libdir=/usr/lib --enable-nls --with-sysroot=/ --enable-clocale=gnu --enable-libstdcxx-debug --enable-libstdcxx-time=yes --enable-gnu-unique-object --enable-plugin --with-system-zlib --disable-browser-plugin --enable-java-awt=gtk --enable-gtk-cairo --with-java-home=/usr/lib/jvm/java-1.5.0-gcj-4.8-amd64/jre --enable-java-home --with-jvm-root-dir=/usr/lib/jvm/java-1.5.0-gcj-4.8-amd64 --with-jvm-jar-dir=/usr/lib/jvm-exports/java-1.5.0-gcj-4.8-amd64 --with-arch-directory=amd64 --with-ecj-jar=/usr/share/java/eclipse-ecj.jar --enable-objc-gc --enable-multiarch --disable-werror --with-arch-32=i686 --with-abi=m64 --with-multilib-list=m32,m64,mx32 --with-tune=generic --enable-checking=release --build=x86_64-linux-gnu --host=x86_64-linux-gnu --target=x86_64-linux-gnu
Thread model: posix
gcc version 4.8.1 (Ubuntu/Linaro 4.8.1-10ubuntu9) 
configure:2238: $? = 0
configure:2227: g++ -V >&5
g++: error: unrecognized command line option '-V'
g++: fatal error: no input files
compilation terminated.
configure:2238: $? = 4
configure:2227: g++ -qversion >&5
g++: error: unrecognized command line option '-qversion'
g++: fatal error: no input files
compilation terminated.
configure:2238: $? = 4
configure:2258: checking whether the C++ compiler works
configure:2280: g++ -D_REENTRANT   conftest.cpp  >&5
configure:2284: $? = 0
configure:2332: result: yes
configure:2335: checking for C++ compiler default output file name
configure:2337: result: a.out
configure:2343: checking for suffix of executables
configure:2350: g++ -o conftest -D_REENTRANT   conftest.cpp  >&5
configure:2354: $? = 0
configure:2376: result: 
configure:2398: checking whether we are cross compiling
configure:2406: g++ -o conftest -D_REENTRANT   conftest.cpp  >&5
configure:2410: $? = 0
configure:2417: ./conftest
configure:2421: $? = 0
configure:2436: result: no
configure:2441: checking for suffix of object files
configure:2463: g++ -c -D_REENTRANT  conftest.cpp >&5
configure:2467: $? = 0
configure:2488: result: o
configure:2492: checking whether we are using the GNU C++ compiler
configure:2511: g++ -c -D_REENTRANT  conftest.cpp >&5
configure:2511: $? = 0
configure:2520: result: yes
configure:2529: checking whether g++ accepts -g
configure:2549: g++ -c -g  conftest.cpp >&5
configure:2549: $? = 0
configure:2590: result: yes
configure:2619: checking how to run the C++ preprocessor
configure:2646: g++ -E  conftest.cpp
configure:2646: $? = 0
configure:2660: g++ -E  conftest.cpp
conftest.cpp:9:28: fatal error: ac_nonexistent.h: No such file or directory
 #include <ac_nonexistent.h>
                            ^
compilation terminated.
configure:2660: $? = 1
configure: failed program was:
| /* confdefs.h */
| #define PACKAGE_NAME "gvars3"
| #define PACKAGE_TARNAME "gvars3"
| #define PACKAGE_VERSION "0.6"
| #define PACKAGE_STRING "gvars3 0.6"
| #define PACKAGE_BUGREPORT ""
| #define PACKAGE_URL ""
| /* end confdefs.h.  */
| #include <ac_nonexistent.h>
configure:2685: result: g++ -E
configure:2705: g++ -E  conftest.cpp
configure:2705: $? = 0
configure:2719: g++ -E  conftest.cpp
conftest.cpp:9:28: fatal error: ac_nonexistent.h: No such file or directory
 #include <ac_nonexistent.h>
                            ^
compilation terminated.
configure:2719: $? = 1
configure: failed program was:
| /* confdefs.h */
| #define PACKAGE_NAME "gvars3"
| #define PACKAGE_TARNAME "gvars3"
| #define PACKAGE_VERSION "0.6"
| #define PACKAGE_STRING "gvars3 0.6"
| #define PACKAGE_BUGREPORT ""
| #define PACKAGE_URL ""
| /* end confdefs.h.  */
| #include <ac_nonexistent.h>
configure:2748: checking for grep that handles long lines and -e
configure:2806: result: /bin/grep
configure:2811: checking for egrep
configure:2873: result: /bin/grep -E
configure:2878: checking for ANSI C header files
configure:2898: g++ -c -D_REENTRANT  conftest.cpp >&5
configure:2898: $? = 0
configure:2971: g++ -o conftest -D_REENTRANT   conftest.cpp  >&5
configure:2971: $? = 0
configure:2971: ./conftest
configure:2971: $? = 0
configure:2982: result: yes
configure:2995: checking for sys/types.h
configure:2995: g++ -c -D_REENTRANT  conftest.cpp >&5
configure:2995: $? = 0
configure:2995: result: yes
configure:2995: checking for sys/stat.h
configure:2995: g++ -c -D_REENTRANT  conftest.cpp >&5
configure:2995: $? = 0
configure:2995: result: yes
configure:2995: checking for stdlib.h
configure:2995: g++ -c -D_REENTRANT  conftest.cpp >&5
configure:2995: $? = 0
configure:2995: result: yes
configure:2995: checking for string.h
configure:2995: g++ -c -D_REENTRANT  conftest.cpp >&5
configure:2995: $? = 0
configure:2995: result: yes
configure:2995: checking for memory.h
configure:2995: g++ -c -D_REENTRANT  conftest.cpp >&5
configure:2995: $? = 0
configure:2995: result: yes
configure:2995: checking for strings.h
configure:2995: g++ -c -D_REENTRANT  conftest.cpp >&5
configure:2995: $? = 0
configure:2995: result: yes
configure:2995: checking for inttypes.h
configure:2995: g++ -c -D_REENTRANT  conftest.cpp >&5
configure:2995: $? = 0
configure:2995: result: yes
configure:2995: checking for stdint.h
configure:2995: g++ -c -D_REENTRANT  conftest.cpp >&5
configure:2995: $? = 0
configure:2995: result: yes
configure:2995: checking for unistd.h
configure:2995: g++ -c -D_REENTRANT  conftest.cpp >&5
configure:2995: $? = 0
configure:2995: result: yes
configure:3009: checking iostream usability
configure:3009: g++ -c -D_REENTRANT  conftest.cpp >&5
configure:3009: $? = 0
configure:3009: result: yes
configure:3009: checking iostream presence
configure:3009: g++ -E  conftest.cpp
configure:3009: $? = 0
configure:3009: result: yes
configure:3009: checking for iostream
configure:3009: result: yes
configure:3057: checking build system type
configure:3071: result: x86_64-unknown-linux-gnu
configure:3091: checking host system type
configure:3104: result: x86_64-unknown-linux-gnu
configure:3150: checking if compiler flag -Wall works
configure:3165: g++ -c -D_REENTRANT -Wall  conftest.cpp >&5
configure:3165: $? = 0
configure:3178: result: yes
configure:3191: checking if compiler flag -Wextra works
configure:3206: g++ -c -D_REENTRANT -Wall -Wextra  conftest.cpp >&5
configure:3206: $? = 0
configure:3219: result: yes
configure:3251: checking for TooN
configure:3260: g++ -c -D_REENTRANT -Wall -Wextra  -INONE/include conftest.cpp >&5
configure:3260: $? = 0
configure:3267: result: yes
configure:3279: checking for TooN-2
configure:3288: g++ -c -D_REENTRANT -Wall -Wextra  -INONE/include conftest.cpp >&5
configure:3288: $? = 0
configure:3295: result: yes
configure:3308: checking if compiler flag -pthread works
configure:3323: g++ -c -D_REENTRANT -Wall -Wextra -pthread  -INONE/include conftest.cpp >&5
configure:3323: $? = 0
configure:3336: result: yes
configure:3422: checking for rl_done in -lreadline
configure:3447: g++ -o conftest -D_REENTRANT -Wall -Wextra -pthread  -INONE/include  conftest.cpp -lreadline   >&5
/usr/bin/ld: cannot find -lreadline
collect2: error: ld returned 1 exit status
configure:3447: $? = 1
configure: failed program was:
| /* confdefs.h */
| #define PACKAGE_NAME "gvars3"
| #define PACKAGE_TARNAME "gvars3"
| #define PACKAGE_VERSION "0.6"
| #define PACKAGE_STRING "gvars3 0.6"
| #define PACKAGE_BUGREPORT ""
| #define PACKAGE_URL ""
| #define STDC_HEADERS 1
| #define HAVE_SYS_TYPES_H 1
| #define HAVE_SYS_STAT_H 1
| #define HAVE_STDLIB_H 1
| #define HAVE_STRING_H 1
| #define HAVE_MEMORY_H 1
| #define HAVE_STRINGS_H 1
| #define HAVE_INTTYPES_H 1
| #define HAVE_STDINT_H 1
| #define HAVE_UNISTD_H 1
| #define HAVE_IOSTREAM 1
| #define GVARS3_HAVE_TOON 1
| #define GVARS3_HAVE_TOON2 1
| /* end confdefs.h.  */
| 
| /* Override any GCC internal prototype to avoid an error.
|    Use char because int might match the return type of a GCC
|    builtin and then its argument prototype would still apply.  */
| #ifdef __cplusplus
| extern "C"
| #endif
| char rl_done ();
| int
| main ()
| {
| return rl_done ();
|   ;
|   return 0;
| }
configure:3456: result: no
configure:3369: checking ncurses as a requirement for readline
configure:3371: result: 
configure:3374: checking for tputs in -lncurses
configure:3399: g++ -o conftest -D_REENTRANT -Wall -Wextra -pthread  -INONE/include  conftest.cpp -lncurses   >&5
configure:3399: $? = 0
configure:3409: result: yes
configure:3422: checking for rl_done in -lreadline
configure:3447: g++ -o conftest -D_REENTRANT -Wall -Wextra -pthread  -INONE/include  conftest.cpp -lreadline  -lncurses  >&5
/usr/bin/ld: cannot find -lreadline
collect2: error: ld returned 1 exit status
configure:3447: $? = 1
configure: failed program was:
| /* confdefs.h */
| #define PACKAGE_NAME "gvars3"
| #define PACKAGE_TARNAME "gvars3"
| #define PACKAGE_VERSION "0.6"
| #define PACKAGE_STRING "gvars3 0.6"
| #define PACKAGE_BUGREPORT ""
| #define PACKAGE_URL ""
| #define STDC_HEADERS 1
| #define HAVE_SYS_TYPES_H 1
| #define HAVE_SYS_STAT_H 1
| #define HAVE_STDLIB_H 1
| #define HAVE_STRING_H 1
| #define HAVE_MEMORY_H 1
| #define HAVE_STRINGS_H 1
| #define HAVE_INTTYPES_H 1
| #define HAVE_STDINT_H 1
| #define HAVE_UNISTD_H 1
| #define HAVE_IOSTREAM 1
| #define GVARS3_HAVE_TOON 1
| #define GVARS3_HAVE_TOON2 1
| #define HAVE_LIBNCURSES 1
| /* end confdefs.h.  */
| 
| /* Override any GCC internal prototype to avoid an error.
|    Use char because int might match the return type of a GCC
|    builtin and then its argument prototype would still apply.  */
| #ifdef __cplusplus
| extern "C"
| #endif
| char rl_done ();
| int
| main ()
| {
| return rl_done ();
|   ;
|   return 0;
| }
configure:3456: result: no
configure:3369: checking curses as a requirement for readline
configure:3371: result: 
configure:3374: checking for tputs in -lcurses
configure:3399: g++ -o conftest -D_REENTRANT -Wall -Wextra -pthread  -INONE/include  conftest.cpp -lcurses   >&5
configure:3399: $? = 0
configure:3409: result: yes
configure:3422: checking for rl_done in -lreadline
configure:3447: g++ -o conftest -D_REENTRANT -Wall -Wextra -pthread  -INONE/include  conftest.cpp -lreadline  -lcurses  >&5
/usr/bin/ld: cannot find -lreadline
collect2: error: ld returned 1 exit status
configure:3447: $? = 1
configure: failed program was:
| /* confdefs.h */
| #define PACKAGE_NAME "gvars3"
| #define PACKAGE_TARNAME "gvars3"
| #define PACKAGE_VERSION "0.6"
| #define PACKAGE_STRING "gvars3 0.6"
| #define PACKAGE_BUGREPORT ""
| #define PACKAGE_URL ""
| #define STDC_HEADERS 1
| #define HAVE_SYS_TYPES_H 1
| #define HAVE_SYS_STAT_H 1
| #define HAVE_STDLIB_H 1
| #define HAVE_STRING_H 1
| #define HAVE_MEMORY_H 1
| #define HAVE_STRINGS_H 1
| #define HAVE_INTTYPES_H 1
| #define HAVE_STDINT_H 1
| #define HAVE_UNISTD_H 1
| #define HAVE_IOSTREAM 1
| #define GVARS3_HAVE_TOON 1
| #define GVARS3_HAVE_TOON2 1
| #define HAVE_LIBNCURSES 1
| #define HAVE_LIBCURSES 1
| /* end confdefs.h.  */
| 
| /* Override any GCC internal prototype to avoid an error.
|    Use char because int might match the return type of a GCC
|    builtin and then its argument prototype would still apply.  */
| #ifdef __cplusplus
| extern "C"
| #endif
| char rl_done ();
| int
| main ()
| {
| return rl_done ();
|   ;
|   return 0;
| }
configure:3456: result: no
configure:3898: WARNING: No GUI functionality enabled
configure:4100: creating ./config.status

## ---------------------- ##
## Running config.status. ##
## ---------------------- ##

This file was extended by gvars3 config.status 0.6, which was
generated by GNU Autoconf 2.68.  Invocation command line was

  CONFIG_FILES    = 
  CONFIG_HEADERS  = 
  CONFIG_LINKS    = 
  CONFIG_COMMANDS = 
  $ ./config.status 

on ubuntu

config.status:837: creating Makefile
config.status:837: creating gvars3/config.h

## ---------------- ##
## Cache variables. ##
## ---------------- ##

ac_cv_build=x86_64-unknown-linux-gnu
ac_cv_cxx_compiler_gnu=yes
ac_cv_env_CCC_set=
ac_cv_env_CCC_value=
ac_cv_env_CPPFLAGS_set=
ac_cv_env_CPPFLAGS_value=
ac_cv_env_CXXCPP_set=
ac_cv_env_CXXCPP_value=
ac_cv_env_CXXFLAGS_set=set
ac_cv_env_CXXFLAGS_value=-D_REENTRANT
ac_cv_env_CXX_set=
ac_cv_env_CXX_value=
ac_cv_env_LDFLAGS_set=
ac_cv_env_LDFLAGS_value=
ac_cv_env_LIBS_set=
ac_cv_env_LIBS_value=
ac_cv_env_XMKMF_set=
ac_cv_env_XMKMF_value=
ac_cv_env_build_alias_set=
ac_cv_env_build_alias_value=
ac_cv_env_host_alias_set=
ac_cv_env_host_alias_value=
ac_cv_env_target_alias_set=
ac_cv_env_target_alias_value=
ac_cv_header_inttypes_h=yes
ac_cv_header_iostream=yes
ac_cv_header_memory_h=yes
ac_cv_header_stdc=yes
ac_cv_header_stdint_h=yes
ac_cv_header_stdlib_h=yes
ac_cv_header_string_h=yes
ac_cv_header_strings_h=yes
ac_cv_header_sys_stat_h=yes
ac_cv_header_sys_types_h=yes
ac_cv_header_unistd_h=yes
ac_cv_host=x86_64-unknown-linux-gnu
ac_cv_lib_curses___tputs=yes
ac_cv_lib_ncurses___tputs=yes
ac_cv_objext=o
ac_cv_path_EGREP='/bin/grep -E'
ac_cv_path_GREP=/bin/grep
ac_cv_prog_AWK=gawk
ac_cv_prog_CXXCPP='g++ -E'
ac_cv_prog_ac_ct_CXX=g++
ac_cv_prog_cxx_g=yes

## ----------------- ##
## Output variables. ##
## ----------------- ##

AWK='gawk'
CPPFLAGS=' -INONE/include'
CXX='g++'
CXXCPP='g++ -E'
CXXFLAGS='-D_REENTRANT -Wall -Wextra -pthread'
DEFS='-DHAVE_CONFIG_H'
ECHO_C=''
ECHO_N='-n'
ECHO_T=''
EGREP='/bin/grep -E'
EXEEXT=''
GREP='/bin/grep'
HLIBS=''
LDFLAGS=''
LIBOBJS=''
LIBS='-lcurses '
LTLIBOBJS=''
OBJEXT='o'
PACKAGE_BUGREPORT=''
PACKAGE_NAME='gvars3'
PACKAGE_STRING='gvars3 0.6'
PACKAGE_TARNAME='gvars3'
PACKAGE_URL=''
PACKAGE_VERSION='0.6'
PATH_SEPARATOR=':'
SHELL='/bin/bash'
XMKMF=''
a='1'
ac_ct_CXX='g++'
bindir='${exec_prefix}/bin'
build='x86_64-unknown-linux-gnu'
build_alias=''
build_cpu='x86_64'
build_os='linux-gnu'
build_vendor='unknown'
datadir='${datarootdir}'
datarootdir='${prefix}/share'
docdir='${datarootdir}/doc/${PACKAGE_TARNAME}'
dvidir='${docdir}'
exec_prefix='${prefix}'
guiobj='GUI_none'
have_readline=''
have_toon='yes'
host='x86_64-unknown-linux-gnu'
host_alias=''
host_cpu='x86_64'
host_os='linux-gnu'
host_vendor='unknown'
htmldir='${docdir}'
includedir='${prefix}/include'
infodir='${datarootdir}/info'
libdir='${exec_prefix}/lib'
libexecdir='${exec_prefix}/libexec'
localedir='${datarootdir}/locale'
localstatedir='${prefix}/var'
major='0'
make_debug=''
make_headless='yes'
make_lang=''
make_normal=''
mandir='${datarootdir}/man'
minor='6'
oldincludedir='/usr/include'
osx_hacks=''
pdfdir='${docdir}'
prefix='/usr/local'
program_transform_name='s,x,x,'
psdir='${docdir}'
sbindir='${exec_prefix}/sbin'
sharedstatedir='${prefix}/com'
sysconfdir='${prefix}/etc'
target_alias=''

## ----------- ##
## confdefs.h. ##
## ----------- ##

/* confdefs.h */
#define PACKAGE_NAME "gvars3"
#define PACKAGE_TARNAME "gvars3"
#define PACKAGE_VERSION "0.6"
#define PACKAGE_STRING "gvars3 0.6"
#define PACKAGE_BUGREPORT ""
#define PACKAGE_URL ""
#define STDC_HEADERS 1
#define HAVE_SYS_TYPES_H 1
#define HAVE_SYS_STAT_H 1
#define HAVE_STDLIB_H 1
#define HAVE_STRING_H 1
#define HAVE_MEMORY_H 1
#define HAVE_STRINGS_H 1
#define HAVE_INTTYPES_H 1
#define HAVE_STDINT_H 1
#define HAVE_UNISTD_H 1
#define HAVE_IOSTREAM 1
#define GVARS3_HAVE_TOON 1
#define GVARS3_HAVE_TOON2 1
#define HAVE_LIBNCURSES 1
#define HAVE_LIBCURSES 1

configure: exit 0
